<?xml version="1.0" encoding="UTF-8"?>
<!-- Generated by org.testng.reporters.JUnitReportReporter -->
<testsuite hostname="RAKESH-ACER" failures="0" tests="4" name="userManagement.Getuser" time="3.901" errors="0" timestamp="2023-12-19T10:36:10 IST" skipped="0">
  <testcase classname="userManagement.Getuser" name="getdatafrompojo" time="1.996"/>
  <testcase classname="userManagement.Getuser" name="hassize" time="0.705"/>
  <testcase classname="userManagement.Getuser" name="validatecontainsite" time="0.495"/>
  <testcase classname="userManagement.Getuser" name="multiplequeryparam" time="0.705"/>
</testsuite> <!-- userManagement.Getuser -->
