<?xml version="1.0" encoding="UTF-8"?>
<!-- Generated by org.testng.reporters.JUnitReportReporter -->
<testsuite hostname="RAKESH-ACER" failures="0" tests="1" name="userManagement.JsonSchema" time="1.935" errors="0" timestamp="2023-12-15T16:12:40 IST" skipped="0">
  <testcase classname="userManagement.JsonSchema" name="jsonschema" time="1.935"/>
</testsuite> <!-- userManagement.JsonSchema -->
