<?xml version="1.0" encoding="UTF-8"?>
<!-- Generated by org.testng.reporters.JUnitReportReporter -->
<testsuite hostname="RAKESH-ACER" failures="0" tests="3" name="userManagement.GetPost" time="4.504" errors="0" timestamp="2023-12-13T12:11:58 IST" skipped="0">
  <testcase classname="userManagement.GetPost" name="getdatafromjson" time="2.284"/>
  <testcase classname="userManagement.GetPost" name="basicauth" time="1.602"/>
  <testcase classname="userManagement.GetPost" name="postdatarestassured" time="0.618"/>
</testsuite> <!-- userManagement.GetPost -->
