<?xml version="1.0" encoding="UTF-8"?>
<!-- Generated by org.testng.reporters.JUnitReportReporter -->
<testsuite hostname="RAKESH-ACER" failures="0" tests="15" name="userManagement.Getuser" time="17.317" errors="0" timestamp="2023-12-09T19:23:21 IST" skipped="0">
  <testcase classname="userManagement.Getuser" name="validatecontainsite" time="0.608"/>
  <testcase classname="userManagement.Getuser" name="formparam" time="0.824"/>
  <testcase classname="userManagement.Getuser" name="getcookies" time="0.734"/>
  <testcase classname="userManagement.Getuser" name="deletemethod" time="1.819"/>
  <testcase classname="userManagement.Getuser" name="multipleheaders" time="0.376"/>
  <testcase classname="userManagement.Getuser" name="hasItem" time="0.893"/>
  <testcase classname="userManagement.Getuser" name="validateTestBody" time="0.694"/>
  <testcase classname="userManagement.Getuser" name="basicauth" time="3.991"/>
  <testcase classname="userManagement.Getuser" name="testfetchheaders" time="0.300"/>
  <testcase classname="userManagement.Getuser" name="hassize" time="2.285"/>
  <testcase classname="userManagement.Getuser" name="queryparam" time="0.383"/>
  <testcase classname="userManagement.Getuser" name="getdatafrompropertyfile" time="0.343"/>
  <testcase classname="userManagement.Getuser" name="pathparam" time="1.271"/>
  <testcase classname="userManagement.Getuser" name="multiplequeryparam" time="0.928"/>
  <testcase classname="userManagement.Getuser" name="getdatafromjson" time="1.868"/>
</testsuite> <!-- userManagement.Getuser -->
